<?xml version="1.0" encoding="UTF-8"?>
<!-- Generated by org.testng.reporters.JUnitXMLReporter -->
<testsuite ignored="2" hostname="DESKTOP-6R86IG7" failures="0" tests="4" name="Test" time="0.142" errors="0" timestamp="02 May 2024 05:23:11 GMT">
  <testcase classname="com.crm.comcast.contacttest.CreateContactTest" name="CC" time="0.01"/>
  <testcase classname="com.crm.comcast.contacttest.CreateContactTest" name="CCD" time="0.011"/>
  <testcase classname="com.crm.comcast.orgtest.CreateOrgTest" name="CO" time="0.008"/>
  <testcase classname="com.crm.comcast.orgtest.CreateOrgTest" name="COWI" time="0.015"/>
  <testcase classname="com.crm.generic.baseclasstest.BaseClassTest" name="@AfterSuite AS" time="0.0">
    <ignored/>
  </testcase> <!-- @AfterSuite AS -->
  <testcase classname="com.crm.generic.baseclasstest.BaseClassTest" name="@BeforeSuite BS" time="0.0">
    <ignored/>
  </testcase> <!-- @BeforeSuite BS -->
</testsuite> <!-- Test -->
