<?xml version="1.0" encoding="UTF-8"?>
<testng-results ignored="0" total="1" passed="1" failed="0" skipped="0">
  <reporter-output>
  </reporter-output>
  <suite started-at="2024-05-21T07:43:14Z" name="Default suite" finished-at="2024-05-21T07:43:14Z" duration-ms="183">
    <groups>
    </groups>
    <test started-at="2024-05-21T07:43:14Z" name="Default test" finished-at="2024-05-21T07:43:14Z" duration-ms="183">
      <class name="practice.datadriventesting.ReadDataFromTestXmlTest">
        <test-method signature="sampletest(org.testng.xml.XmlTest)[pri:0, instance:practice.datadriventesting.ReadDataFromTestXmlTest@35dd9ed3]" started-at="2024-05-21T07:43:14Z" name="sampletest" finished-at="2024-05-21T07:43:14Z" duration-ms="54" status="PASS">
          <params>
            <param index="0">
              <value>
                <![CDATA[org.testng.xml.XmlTest@d7b08ea6]]>
              </value>
            </param>
          </params>
          <reporter-output>
          </reporter-output>
        </test-method> <!-- sampletest -->
      </class> <!-- practice.datadriventesting.ReadDataFromTestXmlTest -->
    </test> <!-- Default test -->
  </suite> <!-- Default suite -->
</testng-results>
